<?xml version="1.0" encoding="UTF-8"?>
<testng-results skipped="0" failed="1" ignored="0" total="6" passed="5">
  <reporter-output>
  </reporter-output>
  <suite name="DEvents_API_TestSuite" duration-ms="14649" started-at="2019-11-11T22:44:36 IST" finished-at="2019-11-11T22:44:50 IST">
    <groups>
    </groups>
    <test name="DEvents_API_Tests" duration-ms="14649" started-at="2019-11-11T22:44:36 IST" finished-at="2019-11-11T22:44:50 IST">
      <class name="com.DEvents.tests.TestAPI_GetParticipants">
        <test-method status="PASS" signature="setup()[pri:0, instance:com.DEvents.tests.TestAPI_GetParticipants@71bbf57e]" name="setup" is-config="true" duration-ms="11" started-at="2019-11-11T22:44:36 IST" finished-at="2019-11-11T22:44:36 IST">
          <reporter-output>
          </reporter-output>
        </test-method> <!-- setup -->
        <test-method status="PASS" signature="getResponse()[pri:0, instance:com.DEvents.tests.TestAPI_GetParticipants@71bbf57e]" name="getResponse" is-config="true" duration-ms="8763" started-at="2019-11-11T22:44:36 IST" description="To make the API Request and capture the Response by sourcing data from Excel" finished-at="2019-11-11T22:44:44 IST">
          <reporter-output>
          </reporter-output>
        </test-method> <!-- getResponse -->
        <test-method status="PASS" signature="checkContentEncoding()[pri:0, instance:com.DEvents.tests.TestAPI_GetParticipants@71bbf57e]" name="checkContentEncoding" duration-ms="8" started-at="2019-11-11T22:44:44 IST" description="Validate Content Encoding" finished-at="2019-11-11T22:44:44 IST">
          <reporter-output>
          </reporter-output>
        </test-method> <!-- checkContentEncoding -->
        <test-method status="PASS" signature="checkContentType()[pri:0, instance:com.DEvents.tests.TestAPI_GetParticipants@71bbf57e]" name="checkContentType" duration-ms="1" started-at="2019-11-11T22:44:44 IST" description="Validate Content-Type" finished-at="2019-11-11T22:44:44 IST">
          <reporter-output>
          </reporter-output>
        </test-method> <!-- checkContentType -->
        <test-method status="PASS" signature="checkStatusCode()[pri:0, instance:com.DEvents.tests.TestAPI_GetParticipants@71bbf57e]" name="checkStatusCode" duration-ms="1" started-at="2019-11-11T22:44:44 IST" description="Validate Status Code" finished-at="2019-11-11T22:44:44 IST">
          <reporter-output>
          </reporter-output>
        </test-method> <!-- checkStatusCode -->
        <test-method status="PASS" signature="checkResponseTime()[pri:0, instance:com.DEvents.tests.TestAPI_GetParticipants@71bbf57e]" name="checkResponseTime" duration-ms="3" started-at="2019-11-11T22:44:44 IST" description="Validate Response time to be less than 5sec" depends-on-methods="com.DEvents.tests.TestAPI_GetParticipants.checkStatusCode" finished-at="2019-11-11T22:44:44 IST">
          <reporter-output>
          </reporter-output>
        </test-method> <!-- checkResponseTime -->
        <test-method status="PASS" signature="validateJSONSchema()[pri:0, instance:com.DEvents.tests.TestAPI_GetParticipants@71bbf57e]" name="validateJSONSchema" duration-ms="1150" started-at="2019-11-11T22:44:44 IST" description="Validate JSON Schema of response" depends-on-methods="com.DEvents.tests.TestAPI_GetParticipants.checkStatusCode" finished-at="2019-11-11T22:44:46 IST">
          <reporter-output>
          </reporter-output>
        </test-method> <!-- validateJSONSchema -->
        <test-method status="FAIL" signature="checkResponseBody()[pri:0, instance:com.DEvents.tests.TestAPI_GetParticipants@71bbf57e]" name="checkResponseBody" duration-ms="4509" started-at="2019-11-11T22:44:46 IST" description="Validate response body data against DB" depends-on-methods="com.DEvents.tests.TestAPI_GetParticipants.checkStatusCode, com.DEvents.tests.TestAPI_GetParticipants.validateJSONSchema" finished-at="2019-11-11T22:44:50 IST">
          <exception class="java.lang.AssertionError">
            <message>
              <![CDATA[Found mismatch between Json output and Database results did not expect to find [true] but found [false]]]>
            </message>
            <full-stacktrace>
              <![CDATA[java.lang.AssertionError: Found mismatch between Json output and Database results did not expect to find [true] but found [false]
at org.testng.Assert.fail(Assert.java:97)
at org.testng.Assert.failNotEquals(Assert.java:969)
at org.testng.Assert.assertTrue(Assert.java:43)
at com.DEvents.tests.TestAPI_GetParticipants.checkResponseBody(TestAPI_GetParticipants.java:117)
at sun.reflect.NativeMethodAccessorImpl.invoke0(Native Method)
at sun.reflect.NativeMethodAccessorImpl.invoke(NativeMethodAccessorImpl.java:62)
at sun.reflect.DelegatingMethodAccessorImpl.invoke(DelegatingMethodAccessorImpl.java:43)
at java.lang.reflect.Method.invoke(Method.java:498)
at org.testng.internal.MethodInvocationHelper.invokeMethod(MethodInvocationHelper.java:133)
at org.testng.internal.TestInvoker.invokeMethod(TestInvoker.java:584)
at org.testng.internal.TestInvoker.invokeTestMethod(TestInvoker.java:172)
at org.testng.internal.MethodRunner.runInSequence(MethodRunner.java:46)
at org.testng.internal.TestInvoker$MethodInvocationAgent.invoke(TestInvoker.java:804)
at org.testng.internal.TestInvoker.invokeTestMethods(TestInvoker.java:145)
at org.testng.internal.TestMethodWorker.invokeTestMethods(TestMethodWorker.java:146)
at org.testng.internal.TestMethodWorker.run(TestMethodWorker.java:128)
at java.util.concurrent.ThreadPoolExecutor.runWorker(ThreadPoolExecutor.java:1149)
at java.util.concurrent.ThreadPoolExecutor$Worker.run(ThreadPoolExecutor.java:624)
at java.lang.Thread.run(Thread.java:748)
]]>
            </full-stacktrace>
          </exception> <!-- java.lang.AssertionError -->
          <reporter-output>
          </reporter-output>
        </test-method> <!-- checkResponseBody -->
      </class> <!-- com.DEvents.tests.TestAPI_GetParticipants -->
    </test> <!-- DEvents_API_Tests -->
  </suite> <!-- DEvents_API_TestSuite -->
</testng-results>
